22:47:13: Creating resource group General
22:47:13: Creating resource group Internal
22:47:13: Creating resource group Autodetect
22:47:13: SceneManagerFactory for type 'DefaultSceneManager' registered.
22:47:13: Registering ResourceManager for type Material
22:47:13: Registering ResourceManager for type Mesh
22:47:13: Registering ResourceManager for type Mesh2
22:47:13: Registering ResourceManager for type OldSkeleton
22:47:13: MovableObjectFactory for type 'ParticleSystem' registered.
22:47:13: ArchiveFactory for archive type FileSystem registered.
22:47:13: ArchiveFactory for archive type Zip registered.
22:47:13: ArchiveFactory for archive type EmbeddedZip registered.
22:47:13: DDS codec registering
22:47:13: FreeImage version: 3.15.3
22:47:13: This program uses FreeImage, a free, open source image library supporting all common bitmap formats. See http://freeimage.sourceforge.net for details
22:47:13: Supported formats: bmp,ico,jpg,jif,jpeg,jpe,jng,koa,iff,lbm,mng,pbm,pbm,pcd,pcx,pgm,pgm,png,ppm,ppm,ras,tga,targa,tif,tiff,wap,wbmp,wbm,psd,cut,xbm,xpm,gif,hdr,g3,sgi,exr,j2k,j2c,jp2,pfm,pct,pict,pic
22:47:13: ETC codec registering
22:47:13: OITD codec registering
22:47:13: Registering ResourceManager for type HighLevelGpuProgram
22:47:13: MovableObjectFactory for type 'Decal' registered.
22:47:13: MovableObjectFactory for type 'Entity' registered.
22:47:13: MovableObjectFactory for type 'Item' registered.
22:47:13: MovableObjectFactory for type 'Light' registered.
22:47:13: MovableObjectFactory for type 'BillboardSet' registered.
22:47:13: MovableObjectFactory for type 'ManualObject2' registered.
22:47:13: MovableObjectFactory for type 'BillboardChain' registered.
22:47:13: MovableObjectFactory for type 'RibbonTrail' registered.
22:47:13: MovableObjectFactory for type 'WireAabb' registered.
22:47:13: OGRE EXCEPTION(6:FileNotFoundException): './plugins_d.cfg' file not found! in ConfigFile::load at I:/OGRE/ogre-2.2/OgreMain/src/OgreConfigFile.cpp (line 88)
22:47:13: ./plugins_d.cfg not found, automatic plugin loading disabled.
22:47:13: *-*-* OGRE Initialising
22:47:13: *-*-* Version 2.1.0unstable ('B')
22:47:13: OGRE EXCEPTION(6:FileNotFoundException): './ogre.cfg' file not found! in ConfigFile::load at I:/OGRE/ogre-2.2/OgreMain/src/OgreConfigFile.cpp (line 88)
22:47:17: *-*-* OGRE Shutdown
22:47:17: Unregistering ResourceManager for type OldSkeleton
22:47:17: Unregistering ResourceManager for type Mesh2
22:47:17: Unregistering ResourceManager for type Mesh
22:47:17: Unregistering ResourceManager for type Material
22:47:17: Unregistering ResourceManager for type HighLevelGpuProgram
